2018-09-03 22:56:32,426 INFO 12722 [egg:logger] init all loggers with options: {"dir":"/Users/xm/ShareProject/eggPractise/practise01/logs/practise01","encoding":"utf8","env":"local","level":"INFO","consoleLevel":"INFO","disableConsoleAfterReady":false,"outputJSON":false,"buffer":true,"appLogName":"practise01-web.log","coreLogName":"egg-web.log","agentLogName":"egg-agent.log","errorLogName":"common-error.log","coreLogger":{"consoleLevel":"WARN"},"allowDebugAtProd":false,"type":"application"}
2018-09-03 22:56:32,462 INFO 12722 [egg-schedule]: register schedule /Users/xm/ShareProject/eggPractise/practise01/node_modules/_egg-logrotator@3.0.3@egg-logrotator/app/schedule/clean_log.js
2018-09-03 22:56:32,462 INFO 12722 [egg-schedule]: register schedule /Users/xm/ShareProject/eggPractise/practise01/node_modules/_egg-logrotator@3.0.3@egg-logrotator/app/schedule/rotate_by_file.js
2018-09-03 22:56:32,525 INFO 12722 [egg-static] starting static serve /public/ -> /Users/xm/ShareProject/eggPractise/practise01/app/public
2018-09-03 22:56:32,527 INFO 12722 [egg-security] use csrf middleware
2018-09-03 22:56:32,529 INFO 12722 [egg-security] use methodnoallow middleware
2018-09-03 22:56:32,529 INFO 12722 [egg-security] use noopen middleware
2018-09-03 22:56:32,530 INFO 12722 [egg-security] use nosniff middleware
2018-09-03 22:56:32,531 INFO 12722 [egg-security] use xssProtection middleware
2018-09-03 22:56:32,531 INFO 12722 [egg-security] use xframe middleware
2018-09-03 22:56:32,532 INFO 12722 [egg-security] use dta middleware
2018-09-03 22:56:32,532 INFO 12722 [egg-security] compose 7 middlewares into one security middleware
2018-09-03 22:56:32,540 INFO 12722 [egg:core] dump config after load, 4ms
2018-09-03 22:56:32,557 INFO 12722 [egg-watcher:app] watcher start success
2018-09-03 22:56:32,563 INFO 12722 [egg:core] dump config after ready, 4ms
2018-09-03 22:57:23,451 INFO 12724 [egg:logger] init all loggers with options: {"dir":"/Users/xm/ShareProject/eggPractise/practise01/logs/practise01","encoding":"utf8","env":"local","level":"INFO","consoleLevel":"INFO","disableConsoleAfterReady":false,"outputJSON":false,"buffer":true,"appLogName":"practise01-web.log","coreLogName":"egg-web.log","agentLogName":"egg-agent.log","errorLogName":"common-error.log","coreLogger":{"consoleLevel":"WARN"},"allowDebugAtProd":false,"type":"application"}
2018-09-03 22:57:23,489 INFO 12724 [egg-schedule]: register schedule /Users/xm/ShareProject/eggPractise/practise01/node_modules/_egg-logrotator@3.0.3@egg-logrotator/app/schedule/clean_log.js
2018-09-03 22:57:23,489 INFO 12724 [egg-schedule]: register schedule /Users/xm/ShareProject/eggPractise/practise01/node_modules/_egg-logrotator@3.0.3@egg-logrotator/app/schedule/rotate_by_file.js
2018-09-03 22:57:23,552 INFO 12724 [egg-static] starting static serve /public/ -> /Users/xm/ShareProject/eggPractise/practise01/app/public
2018-09-03 22:57:23,555 INFO 12724 [egg-security] use csrf middleware
2018-09-03 22:57:23,556 INFO 12724 [egg-security] use methodnoallow middleware
2018-09-03 22:57:23,557 INFO 12724 [egg-security] use noopen middleware
2018-09-03 22:57:23,557 INFO 12724 [egg-security] use nosniff middleware
2018-09-03 22:57:23,558 INFO 12724 [egg-security] use xssProtection middleware
2018-09-03 22:57:23,559 INFO 12724 [egg-security] use xframe middleware
2018-09-03 22:57:23,559 INFO 12724 [egg-security] use dta middleware
2018-09-03 22:57:23,559 INFO 12724 [egg-security] compose 7 middlewares into one security middleware
2018-09-03 22:57:23,570 INFO 12724 [egg:core] dump config after load, 6ms
2018-09-03 22:57:23,588 INFO 12724 [egg-watcher:app] watcher start success
2018-09-03 22:57:23,594 INFO 12724 [egg:core] dump config after ready, 4ms
2018-09-03 23:48:49,594 INFO 14163 [egg:logger] init all loggers with options: {"dir":"/Users/xm/ShareProject/eggPractise/practise01/logs/practise01","encoding":"utf8","env":"local","level":"INFO","consoleLevel":"INFO","disableConsoleAfterReady":false,"outputJSON":false,"buffer":true,"appLogName":"practise01-web.log","coreLogName":"egg-web.log","agentLogName":"egg-agent.log","errorLogName":"common-error.log","coreLogger":{"consoleLevel":"WARN"},"allowDebugAtProd":false,"type":"application"}
2018-09-03 23:48:49,632 INFO 14163 [egg-schedule]: register schedule /Users/xm/ShareProject/eggPractise/practise01/node_modules/_egg-logrotator@3.0.3@egg-logrotator/app/schedule/clean_log.js
2018-09-03 23:48:49,632 INFO 14163 [egg-schedule]: register schedule /Users/xm/ShareProject/eggPractise/practise01/node_modules/_egg-logrotator@3.0.3@egg-logrotator/app/schedule/rotate_by_file.js
2018-09-03 23:48:49,678 INFO 14163 [egg-static] starting static serve /public/ -> /Users/xm/ShareProject/eggPractise/practise01/app/public
2018-09-03 23:48:49,680 INFO 14163 [egg-security] use csrf middleware
2018-09-03 23:48:49,681 INFO 14163 [egg-security] use methodnoallow middleware
2018-09-03 23:48:49,681 INFO 14163 [egg-security] use noopen middleware
2018-09-03 23:48:49,682 INFO 14163 [egg-security] use nosniff middleware
2018-09-03 23:48:49,682 INFO 14163 [egg-security] use xssProtection middleware
2018-09-03 23:48:49,683 INFO 14163 [egg-security] use xframe middleware
2018-09-03 23:48:49,683 INFO 14163 [egg-security] use dta middleware
2018-09-03 23:48:49,683 INFO 14163 [egg-security] compose 7 middlewares into one security middleware
2018-09-03 23:48:49,697 INFO 14163 [egg:core] dump config after load, 10ms
2018-09-03 23:48:49,713 INFO 14163 [egg-watcher:app] watcher start success
2018-09-03 23:48:49,718 INFO 14163 [egg:core] dump config after ready, 3ms
2018-09-11 22:03:57,726 INFO 18285 [egg:logger] init all loggers with options: {"dir":"/Users/xm/ShareProject/eggPractise/practise01/logs/practise01","encoding":"utf8","env":"local","level":"INFO","consoleLevel":"INFO","disableConsoleAfterReady":false,"outputJSON":false,"buffer":true,"appLogName":"practise01-web.log","coreLogName":"egg-web.log","agentLogName":"egg-agent.log","errorLogName":"common-error.log","coreLogger":{"consoleLevel":"WARN"},"allowDebugAtProd":false,"type":"application"}
2018-09-11 22:03:57,764 INFO 18285 [egg-schedule]: register schedule /Users/xm/ShareProject/eggPractise/practise01/node_modules/_egg-logrotator@3.0.3@egg-logrotator/app/schedule/clean_log.js
2018-09-11 22:03:57,764 INFO 18285 [egg-schedule]: register schedule /Users/xm/ShareProject/eggPractise/practise01/node_modules/_egg-logrotator@3.0.3@egg-logrotator/app/schedule/rotate_by_file.js
2018-09-11 22:03:57,827 INFO 18285 [egg-static] starting static serve /public/ -> /Users/xm/ShareProject/eggPractise/practise01/app/public
2018-09-11 22:03:57,830 INFO 18285 [egg-security] use csrf middleware
2018-09-11 22:03:57,831 INFO 18285 [egg-security] use methodnoallow middleware
2018-09-11 22:03:57,832 INFO 18285 [egg-security] use noopen middleware
2018-09-11 22:03:57,833 INFO 18285 [egg-security] use nosniff middleware
2018-09-11 22:03:57,834 INFO 18285 [egg-security] use xssProtection middleware
2018-09-11 22:03:57,834 INFO 18285 [egg-security] use xframe middleware
2018-09-11 22:03:57,835 INFO 18285 [egg-security] use dta middleware
2018-09-11 22:03:57,835 INFO 18285 [egg-security] compose 7 middlewares into one security middleware
2018-09-11 22:03:57,849 INFO 18285 [egg:core] dump config after load, 9ms
2018-09-11 22:03:57,863 INFO 18285 [egg-watcher:app] watcher start success
2018-09-11 22:03:57,869 INFO 18285 [egg:core] dump config after ready, 4ms
2018-09-12 08:12:53,705 WARN 18285 [ClusterClient:Watcher] follower closed, and try to init it again
2018-09-12 08:36:15,584 WARN 18285 [ClusterClient:Watcher] follower closed, and try to init it again
2018-09-12 08:47:24,851 INFO 18773 [egg:logger] init all loggers with options: {"dir":"/Users/xm/ShareProject/eggPractise/practise01/logs/practise01","encoding":"utf8","env":"local","level":"INFO","consoleLevel":"INFO","disableConsoleAfterReady":false,"outputJSON":false,"buffer":true,"appLogName":"practise01-web.log","coreLogName":"egg-web.log","agentLogName":"egg-agent.log","errorLogName":"common-error.log","coreLogger":{"consoleLevel":"WARN"},"allowDebugAtProd":false,"type":"application"}
2018-09-12 08:47:24,889 INFO 18773 [egg-schedule]: register schedule /Users/xm/ShareProject/eggPractise/practise01/node_modules/_egg-logrotator@3.0.3@egg-logrotator/app/schedule/clean_log.js
2018-09-12 08:47:24,889 INFO 18773 [egg-schedule]: register schedule /Users/xm/ShareProject/eggPractise/practise01/node_modules/_egg-logrotator@3.0.3@egg-logrotator/app/schedule/rotate_by_file.js
2018-09-12 08:47:24,975 INFO 18773 [egg-static] starting static serve /public/ -> /Users/xm/ShareProject/eggPractise/practise01/app/public
2018-09-12 08:47:24,978 INFO 18773 [egg-security] use csrf middleware
2018-09-12 08:47:24,980 INFO 18773 [egg-security] use methodnoallow middleware
2018-09-12 08:47:24,981 INFO 18773 [egg-security] use noopen middleware
2018-09-12 08:47:24,983 INFO 18773 [egg-security] use nosniff middleware
2018-09-12 08:47:24,984 INFO 18773 [egg-security] use xssProtection middleware
2018-09-12 08:47:24,984 INFO 18773 [egg-security] use xframe middleware
2018-09-12 08:47:24,985 INFO 18773 [egg-security] use dta middleware
2018-09-12 08:47:24,985 INFO 18773 [egg-security] compose 7 middlewares into one security middleware
2018-09-12 08:47:24,994 INFO 18773 [egg:core] dump config after load, 5ms
2018-09-12 08:47:25,010 INFO 18773 [egg-watcher:app] watcher start success
2018-09-12 08:47:25,014 INFO 18773 [egg:core] dump config after ready, 3ms
2018-09-12 23:24:12,490 INFO 22935 [egg:logger] init all loggers with options: {"dir":"/Users/xm/ShareProject/eggPractise/practise01/logs/practise01","encoding":"utf8","env":"local","level":"INFO","consoleLevel":"INFO","disableConsoleAfterReady":false,"outputJSON":false,"buffer":true,"appLogName":"practise01-web.log","coreLogName":"egg-web.log","agentLogName":"egg-agent.log","errorLogName":"common-error.log","coreLogger":{"consoleLevel":"WARN"},"allowDebugAtProd":false,"type":"application"}
2018-09-12 23:24:12,525 INFO 22935 [egg-schedule]: register schedule /Users/xm/ShareProject/eggPractise/practise01/node_modules/_egg-logrotator@3.0.3@egg-logrotator/app/schedule/clean_log.js
2018-09-12 23:24:12,525 INFO 22935 [egg-schedule]: register schedule /Users/xm/ShareProject/eggPractise/practise01/node_modules/_egg-logrotator@3.0.3@egg-logrotator/app/schedule/rotate_by_file.js
2018-09-12 23:24:12,619 INFO 22935 [egg-static] starting static serve /public/ -> /Users/xm/ShareProject/eggPractise/practise01/app/public
2018-09-12 23:24:12,622 INFO 22935 [egg-security] use csrf middleware
2018-09-12 23:24:12,624 INFO 22935 [egg-security] use methodnoallow middleware
2018-09-12 23:24:12,625 INFO 22935 [egg-security] use noopen middleware
2018-09-12 23:24:12,627 INFO 22935 [egg-security] use nosniff middleware
2018-09-12 23:24:12,628 INFO 22935 [egg-security] use xssProtection middleware
2018-09-12 23:24:12,629 INFO 22935 [egg-security] use xframe middleware
2018-09-12 23:24:12,630 INFO 22935 [egg-security] use dta middleware
2018-09-12 23:24:12,630 INFO 22935 [egg-security] compose 7 middlewares into one security middleware
2018-09-12 23:24:12,644 INFO 22935 [egg:core] dump config after load, 9ms
2018-09-12 23:24:12,657 INFO 22935 [egg-watcher:app] watcher start success
2018-09-12 23:24:12,662 INFO 22935 [egg:core] dump config after ready, 3ms
