2018-09-03 22:56:32,426 INFO 12722 [egg:logger] init all loggers with options: {"dir":"/Users/xm/ShareProject/eggPractise/practise01/logs/practise01","encoding":"utf8","env":"local","level":"INFO","consoleLevel":"INFO","disableConsoleAfterReady":false,"outputJSON":false,"buffer":true,"appLogName":"practise01-web.log","coreLogName":"egg-web.log","agentLogName":"egg-agent.log","errorLogName":"common-error.log","coreLogger":{"consoleLevel":"WARN"},"allowDebugAtProd":false,"type":"application"}
2018-09-03 22:56:32,462 INFO 12722 [egg-schedule]: register schedule /Users/xm/ShareProject/eggPractise/practise01/node_modules/_egg-logrotator@3.0.3@egg-logrotator/app/schedule/clean_log.js
2018-09-03 22:56:32,462 INFO 12722 [egg-schedule]: register schedule /Users/xm/ShareProject/eggPractise/practise01/node_modules/_egg-logrotator@3.0.3@egg-logrotator/app/schedule/rotate_by_file.js
2018-09-03 22:56:32,525 INFO 12722 [egg-static] starting static serve /public/ -> /Users/xm/ShareProject/eggPractise/practise01/app/public
2018-09-03 22:56:32,527 INFO 12722 [egg-security] use csrf middleware
2018-09-03 22:56:32,529 INFO 12722 [egg-security] use methodnoallow middleware
2018-09-03 22:56:32,529 INFO 12722 [egg-security] use noopen middleware
2018-09-03 22:56:32,530 INFO 12722 [egg-security] use nosniff middleware
2018-09-03 22:56:32,531 INFO 12722 [egg-security] use xssProtection middleware
2018-09-03 22:56:32,531 INFO 12722 [egg-security] use xframe middleware
2018-09-03 22:56:32,532 INFO 12722 [egg-security] use dta middleware
2018-09-03 22:56:32,532 INFO 12722 [egg-security] compose 7 middlewares into one security middleware
2018-09-03 22:56:32,540 INFO 12722 [egg:core] dump config after load, 4ms
2018-09-03 22:56:32,557 INFO 12722 [egg-watcher:app] watcher start success
2018-09-03 22:56:32,563 INFO 12722 [egg:core] dump config after ready, 4ms
2018-09-03 22:57:23,451 INFO 12724 [egg:logger] init all loggers with options: {"dir":"/Users/xm/ShareProject/eggPractise/practise01/logs/practise01","encoding":"utf8","env":"local","level":"INFO","consoleLevel":"INFO","disableConsoleAfterReady":false,"outputJSON":false,"buffer":true,"appLogName":"practise01-web.log","coreLogName":"egg-web.log","agentLogName":"egg-agent.log","errorLogName":"common-error.log","coreLogger":{"consoleLevel":"WARN"},"allowDebugAtProd":false,"type":"application"}
2018-09-03 22:57:23,489 INFO 12724 [egg-schedule]: register schedule /Users/xm/ShareProject/eggPractise/practise01/node_modules/_egg-logrotator@3.0.3@egg-logrotator/app/schedule/clean_log.js
2018-09-03 22:57:23,489 INFO 12724 [egg-schedule]: register schedule /Users/xm/ShareProject/eggPractise/practise01/node_modules/_egg-logrotator@3.0.3@egg-logrotator/app/schedule/rotate_by_file.js
2018-09-03 22:57:23,552 INFO 12724 [egg-static] starting static serve /public/ -> /Users/xm/ShareProject/eggPractise/practise01/app/public
2018-09-03 22:57:23,555 INFO 12724 [egg-security] use csrf middleware
2018-09-03 22:57:23,556 INFO 12724 [egg-security] use methodnoallow middleware
2018-09-03 22:57:23,557 INFO 12724 [egg-security] use noopen middleware
2018-09-03 22:57:23,557 INFO 12724 [egg-security] use nosniff middleware
2018-09-03 22:57:23,558 INFO 12724 [egg-security] use xssProtection middleware
2018-09-03 22:57:23,559 INFO 12724 [egg-security] use xframe middleware
2018-09-03 22:57:23,559 INFO 12724 [egg-security] use dta middleware
2018-09-03 22:57:23,559 INFO 12724 [egg-security] compose 7 middlewares into one security middleware
2018-09-03 22:57:23,570 INFO 12724 [egg:core] dump config after load, 6ms
2018-09-03 22:57:23,588 INFO 12724 [egg-watcher:app] watcher start success
2018-09-03 22:57:23,594 INFO 12724 [egg:core] dump config after ready, 4ms
